<?xml version="1.0" encoding="UTF-8"?>
<testsuite xmlns:xsi="http://www.w3.org/2001/XMLSchema-instance" xsi:noNamespaceSchemaLocation="https://maven.apache.org/surefire/maven-surefire-plugin/xsd/surefire-test-report.xsd" name="com.nnk.springboot.crud.BidTests" time="0.561" tests="1" errors="1" skipped="0" failures="0">
  <properties>
[...]
</properties>
  <testcase name="bidListTest" classname="com.nnk.springboot.crud.BidTests" time="0.016">
    <error message="could not execute statement; SQL [n/a]; constraint [&quot;PRIMARY KEY ON PUBLIC.BID_LIST(BIDLISTID) [10, &apos;Tests1&apos;, NULL, NULL, NULL, NULL, NULL, 10.0, NULL, NULL, NULL, NULL, NULL, NULL, NULL, NULL, NULL, NULL, NULL, NULL, NULL, &apos;DescTests1&apos;]&quot;; SQL statement:&#10;insert into bid_list (account, ask, ask_quantity, benchmark, bid, bid_list_date, bid_quantity, book, commentary, creation_date, creation_name, deal_name, deal_type, revision_date, revision_name, security, side, source_list_id, status, trader, type, bidlistid) values (?, ?, ?, ?, ?, ?, ?, ?, ?, ?, ?, ?, ?, ?, ?, ?, ?, ?, ?, ?, ?, ?) [23505-200]]; nested exception is org.hibernate.exception.ConstraintViolationException: could not execute statement" type="org.springframework.dao.DataIntegrityViolationException">org.springframework.dao.DataIntegrityViolationException: 
could not execute statement; SQL [n/a]; constraint ["PRIMARY KEY ON PUBLIC.BID_LIST(BIDLISTID) [10, 'Tests1', NULL, NULL, NULL, NULL, NULL, 10.0, NULL, NULL, NULL, NULL, NULL, NULL, NULL, NULL, NULL, NULL, NULL, NULL, NULL, 'DescTests1']"; SQL statement:
insert into bid_list (account, ask, ask_quantity, benchmark, bid, bid_list_date, bid_quantity, book, commentary, creation_date, creation_name, deal_name, deal_type, revision_date, revision_name, security, side, source_list_id, status, trader, type, bidlistid) values (?, ?, ?, ?, ?, ?, ?, ?, ?, ?, ?, ?, ?, ?, ?, ?, ?, ?, ?, ?, ?, ?) [23505-200]]; nested exception is org.hibernate.exception.ConstraintViolationException: could not execute statement
	at com.nnk.springboot.crud.BidTests.bidListTest(BidTests.java:32)
Caused by: org.hibernate.exception.ConstraintViolationException: could not execute statement
	at com.nnk.springboot.crud.BidTests.bidListTest(BidTests.java:32)
Caused by: org.h2.jdbc.JdbcSQLIntegrityConstraintViolationException: 
Violation d'index unique ou clé primaire: "PRIMARY KEY ON PUBLIC.BID_LIST(BIDLISTID) [10, 'Tests1', NULL, NULL, NULL, NULL, NULL, 10.0, NULL, NULL, NULL, NULL, NULL, NULL, NULL, NULL, NULL, NULL, NULL, NULL, NULL, 'DescTests1']"
Unique index or primary key violation: "PRIMARY KEY ON PUBLIC.BID_LIST(BIDLISTID) [10, 'Tests1', NULL, NULL, NULL, NULL, NULL, 10.0, NULL, NULL, NULL, NULL, NULL, NULL, NULL, NULL, NULL, NULL, NULL, NULL, NULL, 'DescTests1']"; SQL statement:
insert into bid_list (account, ask, ask_quantity, benchmark, bid, bid_list_date, bid_quantity, book, commentary, creation_date, creation_name, deal_name, deal_type, revision_date, revision_name, security, side, source_list_id, status, trader, type, bidlistid) values (?, ?, ?, ?, ?, ?, ?, ?, ?, ?, ?, ?, ?, ?, ?, ?, ?, ?, ?, ?, ?, ?) [23505-200]
	at com.nnk.springboot.crud.BidTests.bidListTest(BidTests.java:32)
</error>
    <system-out><![CDATA[
  .   ____          _            __ _ _
 /\\ / ___'_ __ _ _(_)_ __  __ _ \ \ \ \
( ( )\___ | '_ | '_| | '_ \/ _` | \ \ \ \
 \\/  ___)| |_)| | | | | || (_| |  ) ) ) )
  '  |____| .__|_| |_|_| |_\__, | / / / /
 =========|_|==============|___/=/_/_/_/
 :: Spring Boot ::        (v2.2.6.RELEASE)

2020-08-25 14:45:45.221  INFO 28691 --- [           main] com.nnk.springboot.crud.BidTests         : Starting BidTests on slingshot-MS-7C37 with PID 28691 (started by slingshot in /home/slingshot/IdeaProjects/JavaDA_PROJECT7_RESTAPI/Poseiden-skeleton)
2020-08-25 14:45:45.221  INFO 28691 --- [           main] com.nnk.springboot.crud.BidTests         : The following profiles are active: test
2020-08-25 14:45:45.286  INFO 28691 --- [           main] .s.d.r.c.RepositoryConfigurationDelegate : Bootstrapping Spring Data JPA repositories in DEFAULT mode.
2020-08-25 14:45:45.292  INFO 28691 --- [           main] .s.d.r.c.RepositoryConfigurationDelegate : Finished Spring Data repository scanning in 6ms. Found 6 JPA repository interfaces.
2020-08-25 14:45:45.313  INFO 28691 --- [           main] ptablePropertiesBeanFactoryPostProcessor : Post-processing PropertySource instances
2020-08-25 14:45:45.313  INFO 28691 --- [           main] c.u.j.EncryptablePropertySourceConverter : Converting PropertySource configurationProperties [org.springframework.boot.context.properties.source.ConfigurationPropertySourcesPropertySource] to AOP Proxy
2020-08-25 14:45:45.313  INFO 28691 --- [           main] c.u.j.EncryptablePropertySourceConverter : Converting PropertySource Inlined Test Properties [org.springframework.core.env.MapPropertySource] to EncryptableMapPropertySourceWrapper
2020-08-25 14:45:45.313  INFO 28691 --- [           main] c.u.j.EncryptablePropertySourceConverter : Converting PropertySource test [org.springframework.core.env.MapPropertySource] to EncryptableMapPropertySourceWrapper
2020-08-25 14:45:45.314  INFO 28691 --- [           main] c.u.j.EncryptablePropertySourceConverter : Converting PropertySource systemProperties [org.springframework.core.env.PropertiesPropertySource] to EncryptableMapPropertySourceWrapper
2020-08-25 14:45:45.314  INFO 28691 --- [           main] c.u.j.EncryptablePropertySourceConverter : Converting PropertySource systemEnvironment [org.springframework.boot.env.SystemEnvironmentPropertySourceEnvironmentPostProcessor$OriginAwareSystemEnvironmentPropertySource] to EncryptableSystemEnvironmentPropertySourceWrapper
2020-08-25 14:45:45.314  INFO 28691 --- [           main] c.u.j.EncryptablePropertySourceConverter : Converting PropertySource random [org.springframework.boot.env.RandomValuePropertySource] to EncryptablePropertySourceWrapper
2020-08-25 14:45:45.314  INFO 28691 --- [           main] c.u.j.EncryptablePropertySourceConverter : Converting PropertySource applicationConfig: [classpath:/application-test.properties] [org.springframework.boot.env.OriginTrackedMapPropertySource] to EncryptableMapPropertySourceWrapper
2020-08-25 14:45:45.314  INFO 28691 --- [           main] c.u.j.EncryptablePropertySourceConverter : Converting PropertySource applicationConfig: [classpath:/application.properties] [org.springframework.boot.env.OriginTrackedMapPropertySource] to EncryptableMapPropertySourceWrapper
2020-08-25 14:45:45.325  INFO 28691 --- [           main] c.u.j.filter.DefaultLazyPropertyFilter   : Property Filter custom Bean not found with name 'encryptablePropertyFilter'. Initializing Default Property Filter
2020-08-25 14:45:45.341  INFO 28691 --- [           main] trationDelegate$BeanPostProcessorChecker : Bean 'org.springframework.security.config.annotation.configuration.ObjectPostProcessorConfiguration' of type [org.springframework.security.config.annotation.configuration.ObjectPostProcessorConfiguration] is not eligible for getting processed by all BeanPostProcessors (for example: not eligible for auto-proxying)
2020-08-25 14:45:45.342  INFO 28691 --- [           main] trationDelegate$BeanPostProcessorChecker : Bean 'objectPostProcessor' of type [org.springframework.security.config.annotation.configuration.AutowireBeanFactoryObjectPostProcessor] is not eligible for getting processed by all BeanPostProcessors (for example: not eligible for auto-proxying)
2020-08-25 14:45:45.343  INFO 28691 --- [           main] trationDelegate$BeanPostProcessorChecker : Bean 'org.springframework.security.access.expression.method.DefaultMethodSecurityExpressionHandler@787002ab' of type [org.springframework.security.access.expression.method.DefaultMethodSecurityExpressionHandler] is not eligible for getting processed by all BeanPostProcessors (for example: not eligible for auto-proxying)
2020-08-25 14:45:45.344  INFO 28691 --- [           main] trationDelegate$BeanPostProcessorChecker : Bean 'org.springframework.security.config.annotation.method.configuration.GlobalMethodSecurityConfiguration' of type [org.springframework.security.config.annotation.method.configuration.GlobalMethodSecurityConfiguration] is not eligible for getting processed by all BeanPostProcessors (for example: not eligible for auto-proxying)
2020-08-25 14:45:45.345  INFO 28691 --- [           main] trationDelegate$BeanPostProcessorChecker : Bean 'methodSecurityMetadataSource' of type [org.springframework.security.access.method.DelegatingMethodSecurityMetadataSource] is not eligible for getting processed by all BeanPostProcessors (for example: not eligible for auto-proxying)
2020-08-25 14:45:45.356  INFO 28691 --- [           main] c.u.j.r.DefaultLazyPropertyResolver      : Property Resolver custom Bean not found with name 'encryptablePropertyResolver'. Initializing Default Property Resolver
2020-08-25 14:45:45.356  INFO 28691 --- [           main] c.u.j.d.DefaultLazyPropertyDetector      : Property Detector custom Bean not found with name 'encryptablePropertyDetector'. Initializing Default Property Detector
2020-08-25 14:45:45.381  INFO 28691 --- [           main] o.hibernate.jpa.internal.util.LogHelper  : HHH000204: Processing PersistenceUnitInfo [
	name: default
	...]
2020-08-25 14:45:45.384  INFO 28691 --- [           main] com.zaxxer.hikari.HikariDataSource       : HikariPool-4 - Starting...
2020-08-25 14:45:45.385  INFO 28691 --- [           main] com.zaxxer.hikari.HikariDataSource       : HikariPool-4 - Start completed.
2020-08-25 14:45:45.385  INFO 28691 --- [           main] org.hibernate.dialect.Dialect            : HHH000400: Using dialect: org.hibernate.dialect.H2Dialect
2020-08-25 14:45:45.436  INFO 28691 --- [           main] o.h.e.t.j.p.i.JtaPlatformInitiator       : HHH000490: Using JtaPlatform implementation: [org.hibernate.engine.transaction.jta.platform.internal.NoJtaPlatform]
2020-08-25 14:45:45.436  INFO 28691 --- [           main] j.LocalContainerEntityManagerFactoryBean : Initialized JPA EntityManagerFactory for persistence unit 'default'
2020-08-25 14:45:45.452  WARN 28691 --- [           main] JpaBaseConfiguration$JpaWebConfiguration : spring.jpa.open-in-view is enabled by default. Therefore, database queries may be performed during view rendering. Explicitly configure spring.jpa.open-in-view to disable this warning
2020-08-25 14:45:45.572  INFO 28691 --- [           main] o.s.s.web.DefaultSecurityFilterChain     : Creating filter chain: any request, [org.springframework.security.web.context.request.async.WebAsyncManagerIntegrationFilter@709dfb64, org.springframework.security.web.context.SecurityContextPersistenceFilter@38daead9, org.springframework.security.web.header.HeaderWriterFilter@7a66a82b, org.springframework.security.web.csrf.CsrfFilter@6fe49f1d, org.springframework.security.web.authentication.logout.LogoutFilter@4e55a6b5, org.springframework.security.web.authentication.UsernamePasswordAuthenticationFilter@77a7938d, org.springframework.security.web.authentication.ui.DefaultLoginPageGeneratingFilter@5a0a0b47, org.springframework.security.web.authentication.ui.DefaultLogoutPageGeneratingFilter@45595e70, org.springframework.security.web.savedrequest.RequestCacheAwareFilter@a8e293c, org.springframework.security.web.servletapi.SecurityContextHolderAwareRequestFilter@45e6ffb6, org.springframework.security.web.authentication.AnonymousAuthenticationFilter@149a4b29, org.springframework.security.web.session.SessionManagementFilter@738d9fc2, org.springframework.security.web.access.ExceptionTranslationFilter@307052cc, org.springframework.security.web.access.intercept.FilterSecurityInterceptor@3aad77ed]
2020-08-25 14:45:45.655  INFO 28691 --- [           main] o.s.s.concurrent.ThreadPoolTaskExecutor  : Initializing ExecutorService 'applicationTaskExecutor'
2020-08-25 14:45:45.725  INFO 28691 --- [           main] o.s.b.a.h2.H2ConsoleAutoConfiguration    : H2 console available at '/h2-console'. Database available at 'jdbc:h2:mem:testdb'
2020-08-25 14:45:45.751  INFO 28691 --- [           main] com.nnk.springboot.crud.BidTests         : Started BidTests in 0.538 seconds (JVM running for 8.496)
Hibernate: call next value for hibernate_sequence
Hibernate: insert into bid_list (account, ask, ask_quantity, benchmark, bid, bid_list_date, bid_quantity, book, commentary, creation_date, creation_name, deal_name, deal_type, revision_date, revision_name, security, side, source_list_id, status, trader, type, bidlistid) values (?, ?, ?, ?, ?, ?, ?, ?, ?, ?, ?, ?, ?, ?, ?, ?, ?, ?, ?, ?, ?, ?)
2020-08-25 14:45:45.760  WARN 28691 --- [           main] o.h.engine.jdbc.spi.SqlExceptionHelper   : SQL Error: 23505, SQLState: 23505
2020-08-25 14:45:45.761 ERROR 28691 --- [           main] o.h.engine.jdbc.spi.SqlExceptionHelper   : Violation d'index unique ou clé primaire: "PRIMARY KEY ON PUBLIC.BID_LIST(BIDLISTID) [10, 'Tests1', NULL, NULL, NULL, NULL, NULL, 10.0, NULL, NULL, NULL, NULL, NULL, NULL, NULL, NULL, NULL, NULL, NULL, NULL, NULL, 'DescTests1']"
Unique index or primary key violation: "PRIMARY KEY ON PUBLIC.BID_LIST(BIDLISTID) [10, 'Tests1', NULL, NULL, NULL, NULL, NULL, 10.0, NULL, NULL, NULL, NULL, NULL, NULL, NULL, NULL, NULL, NULL, NULL, NULL, NULL, 'DescTests1']"; SQL statement:
insert into bid_list (account, ask, ask_quantity, benchmark, bid, bid_list_date, bid_quantity, book, commentary, creation_date, creation_name, deal_name, deal_type, revision_date, revision_name, security, side, source_list_id, status, trader, type, bidlistid) values (?, ?, ?, ?, ?, ?, ?, ?, ?, ?, ?, ?, ?, ?, ?, ?, ?, ?, ?, ?, ?, ?) [23505-200]
2020-08-25 14:45:45.761 ERROR 28691 --- [           main] o.h.i.ExceptionMapperStandardImpl        : HHH000346: Error during managed flush [org.hibernate.exception.ConstraintViolationException: could not execute statement]
]]></system-out>
  </testcase>
</testsuite>